INFO:root:Instantiating worker
INFO:root:Worker created successfully
INFO:root:Worker starting scan.
ERROR:root:Master has failed to created worker.
INFO:root:Destructor called, worker deleted.
INFO:root:Instantiating worker
INFO:root:Worker created successfully
INFO:root:Worker starting scan.
INFO:root:pics
INFO:root:OldSchoolCool
INFO:root:HumanTrafficking
INFO:root:HumanTrafficking
INFO:root:OldSchoolCool
INFO:root:Bad_Cop_No_Donut
INFO:root:Bad_Cop_No_Donut
INFO:root:Bad_Cop_No_Donut
INFO:root:Bad_Cop_No_Donut
INFO:root:Bad_Cop_No_Donut
INFO:root:todayilearned
INFO:root:todayilearned
INFO:root:todayilearned
INFO:root:todayilearned
INFO:root:todayilearned
INFO:root:nba
INFO:root:nba
INFO:root:nba
INFO:root:nba
INFO:root:nba
INFO:root:nextfuckinglevel
INFO:root:BlackPeopleTwitter
INFO:root:BlackPeopleTwitter
INFO:root:nba
INFO:root:Charity
INFO:root:pics
INFO:root:pics
INFO:root:pics
INFO:root:pics
INFO:root:gifs
INFO:root:politics
INFO:root:WhitePeopleTwitter
INFO:root:politics
INFO:root:funny
INFO:root:orangecounty
INFO:root:therewasanattempt
INFO:root:Instantiating worker
INFO:root:Worker created successfully
INFO:root:Worker starting scan.
INFO:root:pics
INFO:root:OldSchoolCool
INFO:root:HumanTrafficking
INFO:root:HumanTrafficking
INFO:root:OldSchoolCool
INFO:root:Bad_Cop_No_Donut
INFO:root:Bad_Cop_No_Donut
INFO:root:Bad_Cop_No_Donut
INFO:root:Bad_Cop_No_Donut
INFO:root:Bad_Cop_No_Donut
INFO:root:todayilearned
INFO:root:todayilearned
INFO:root:todayilearned
INFO:root:todayilearned
INFO:root:todayilearned
INFO:root:nba
INFO:root:nba
INFO:root:nba
INFO:root:nba
INFO:root:nba
INFO:root:nextfuckinglevel
INFO:root:BlackPeopleTwitter
INFO:root:BlackPeopleTwitter
INFO:root:nba
INFO:root:Charity
INFO:root:pics
INFO:root:pics
INFO:root:pics
INFO:root:pics
INFO:root:gifs
INFO:root:politics
INFO:root:WhitePeopleTwitter
INFO:root:politics
INFO:root:funny
INFO:root:orangecounty
INFO:root:therewasanattempt
INFO:root:therewasanattempt
INFO:root:therewasanattempt
INFO:root:therewasanattempt
INFO:root:therewasanattempt
INFO:root:nextfuckinglevel
INFO:root:Unexpected
INFO:root:nope
INFO:root:nextfuckinglevel
INFO:root:nextfuckinglevel
INFO:root:news
INFO:root:news
INFO:root:news
INFO:root:news
INFO:root:news
INFO:root:Master has created worker.
INFO:root:Destructor called, worker deleted.
INFO:root:Instantiating worker
INFO:root:Worker created successfully
INFO:root:Worker starting scan.
INFO:root:pics
INFO:root:OldSchoolCool
INFO:root:HumanTrafficking
INFO:root:HumanTrafficking
INFO:root:OldSchoolCool
INFO:root:Bad_Cop_No_Donut
INFO:root:Bad_Cop_No_Donut
INFO:root:Bad_Cop_No_Donut
INFO:root:Bad_Cop_No_Donut
INFO:root:Bad_Cop_No_Donut
INFO:root:todayilearned
INFO:root:todayilearned
INFO:root:todayilearned
INFO:root:todayilearned
INFO:root:todayilearned
INFO:root:nba
INFO:root:nba
INFO:root:nba
INFO:root:nba
INFO:root:nba
INFO:root:nextfuckinglevel
INFO:root:BlackPeopleTwitter
INFO:root:BlackPeopleTwitter
INFO:root:nba
INFO:root:Charity
INFO:root:pics
INFO:root:pics
INFO:root:pics
INFO:root:pics
INFO:root:gifs
INFO:root:politics
INFO:root:WhitePeopleTwitter
INFO:root:politics
INFO:root:funny
INFO:root:orangecounty
INFO:root:therewasanattempt
INFO:root:therewasanattempt
INFO:root:therewasanattempt
INFO:root:therewasanattempt
INFO:root:therewasanattempt
INFO:root:nextfuckinglevel
INFO:root:Unexpected
INFO:root:nope
INFO:root:nextfuckinglevel
INFO:root:nextfuckinglevel
INFO:root:news
INFO:root:news
INFO:root:news
INFO:root:news
INFO:root:news
INFO:root:Master has created worker.
INFO:root:Destructor called, worker deleted.
INFO:root:Instantiating worker
INFO:root:Worker created successfully
INFO:root:Worker starting scan.
INFO:root:Original Poster: eaglemaxie 
INFO:root:pics
INFO:root:OldSchoolCool
INFO:root:HumanTrafficking
INFO:root:HumanTrafficking
INFO:root:OldSchoolCool
INFO:root:Original Poster: Randybrobro 
INFO:root:Bad_Cop_No_Donut
INFO:root:Bad_Cop_No_Donut
INFO:root:Bad_Cop_No_Donut
INFO:root:Bad_Cop_No_Donut
INFO:root:Bad_Cop_No_Donut
INFO:root:Original Poster: TheMatt561 
INFO:root:todayilearned
INFO:root:todayilearned
INFO:root:todayilearned
INFO:root:todayilearned
INFO:root:todayilearned
INFO:root:Original Poster: HonestOKCFan 
INFO:root:nba
INFO:root:nba
INFO:root:nba
INFO:root:nba
INFO:root:nba
INFO:root:Original Poster: JayZGatsby 
INFO:root:nextfuckinglevel
INFO:root:BlackPeopleTwitter
INFO:root:BlackPeopleTwitter
INFO:root:nba
INFO:root:Charity
INFO:root:Original Poster: kbcfanclub 
INFO:root:pics
INFO:root:pics
INFO:root:pics
INFO:root:pics
INFO:root:gifs
INFO:root:Original Poster: silentonc 
INFO:root:politics
INFO:root:WhitePeopleTwitter
INFO:root:politics
INFO:root:funny
INFO:root:orangecounty
INFO:root:Original Poster: BurtonBlaidd 
INFO:root:therewasanattempt
INFO:root:therewasanattempt
INFO:root:therewasanattempt
INFO:root:therewasanattempt
INFO:root:therewasanattempt
INFO:root:Original Poster: immi_007 
INFO:root:nextfuckinglevel
INFO:root:Unexpected
INFO:root:nope
INFO:root:nextfuckinglevel
INFO:root:nextfuckinglevel
INFO:root:Original Poster: Wise_Collection 
INFO:root:news
INFO:root:news
INFO:root:news
INFO:root:news
INFO:root:news
INFO:root:Master has created worker.
INFO:root:Destructor called, worker deleted.
